<?xml version="1.0" encoding="UTF-8"?>
<testsuite xmlns:xsi="http://www.w3.org/2001/XMLSchema-instance" xsi:schemaLocation="https://maven.apache.org/surefire/maven-surefire-plugin/xsd/surefire-test-report.xsd" name="planRunner.tripPlanRunner" time="11.648" tests="4" errors="0" skipped="0" failures="0">
  <properties>
[...]
</properties>
  <testcase name="Given Phileas is planning a trip" classname="Scenario: A trip request can be executed and results returned" time="0.002"/>
  <testcase name="When he executes a trip plan from &quot;North Sydney Station&quot; to &quot;Town Hall Station&quot;" classname="Scenario: A trip request can be executed and results returned" time="0"/>
  <testcase name="Then a list of trips should be provided" classname="Scenario: A trip request can be executed and results returned" time="0"/>
  <testcase name="Scenario: A trip request can be executed and results returned" classname="Scenario: A trip request can be executed and results returned" time="2.67"/>
</testsuite>